<?xml version="1.0" encoding="UTF-8"?>
<!-- Generated by org.testng.reporters.JUnitXMLReporter -->
<testsuite ignored="0" hostname="Prasannakumar" failures="0" tests="5" name="Default test" time="83.317" errors="0" timestamp="2022-12-26T21:27:22 IST">
  <testcase classname="com.OrangeHRM.OrangeHRM_LoginPageValidation" name="OrangeHRM_LoginPageAndTitleValidation" time="2.546"/>
  <testcase classname="com.OrangeHRM.OrangeHRMLogin" name="OrangeHRM_Login" time="10.23"/>
  <testcase classname="com.OrangeHRM.OrangeHRM_HomePageValidation" name="HomePageValidation" time="0.281"/>
  <testcase classname="com.OrangeHRM.OrangeHRM_PIM_AddEmployeeValidation" name="PIM_Validation" time="0.431"/>
  <testcase classname="com.OrangeHRM.OrangeHRM_AddEmployee" name="OrangeHRMAddEmployee" time="54.728"/>
</testsuite> <!-- Default test -->
