<?xml version="1.0" encoding="UTF-8"?>
<testng-results ignored="0" total="5" passed="5" failed="0" skipped="0">
  <reporter-output>
  </reporter-output>
  <suite started-at="2022-12-26T21:25:58 IST" name="Default suite" finished-at="2022-12-26T21:27:21 IST" duration-ms="83317">
    <groups>
    </groups>
    <test started-at="2022-12-26T21:25:58 IST" name="Default test" finished-at="2022-12-26T21:27:21 IST" duration-ms="83317">
      <class name="com.OrangeHRM.OrangeHRM_AddEmployee">
        <test-method is-config="true" signature="setup()[pri:0, instance:com.OrangeHRM.OrangeHRM_AddEmployee@55b7a4e0]" started-at="2022-12-26T21:25:58 IST" name="setup" finished-at="2022-12-26T21:26:13 IST" duration-ms="14720" status="PASS">
          <reporter-output>
          </reporter-output>
        </test-method> <!-- setup -->
        <test-method signature="OrangeHRM_LoginPageAndTitleValidation()[pri:1, instance:com.OrangeHRM.OrangeHRM_AddEmployee@55b7a4e0]" started-at="2022-12-26T21:26:13 IST" name="OrangeHRM_LoginPageAndTitleValidation" finished-at="2022-12-26T21:26:15 IST" duration-ms="2546" status="PASS">
          <reporter-output>
          </reporter-output>
        </test-method> <!-- OrangeHRM_LoginPageAndTitleValidation -->
        <test-method signature="OrangeHRM_Login()[pri:2, instance:com.OrangeHRM.OrangeHRM_AddEmployee@55b7a4e0]" started-at="2022-12-26T21:26:15 IST" name="OrangeHRM_Login" finished-at="2022-12-26T21:26:26 IST" duration-ms="10230" status="PASS">
          <reporter-output>
          </reporter-output>
        </test-method> <!-- OrangeHRM_Login -->
        <test-method signature="HomePageValidation()[pri:3, instance:com.OrangeHRM.OrangeHRM_AddEmployee@55b7a4e0]" started-at="2022-12-26T21:26:26 IST" name="HomePageValidation" finished-at="2022-12-26T21:26:26 IST" duration-ms="281" status="PASS">
          <reporter-output>
          </reporter-output>
        </test-method> <!-- HomePageValidation -->
        <test-method signature="PIM_Validation()[pri:4, instance:com.OrangeHRM.OrangeHRM_AddEmployee@55b7a4e0]" started-at="2022-12-26T21:26:26 IST" name="PIM_Validation" finished-at="2022-12-26T21:26:26 IST" duration-ms="431" status="PASS">
          <reporter-output>
          </reporter-output>
        </test-method> <!-- PIM_Validation -->
        <test-method signature="OrangeHRMAddEmployee()[pri:5, instance:com.OrangeHRM.OrangeHRM_AddEmployee@55b7a4e0]" started-at="2022-12-26T21:26:26 IST" name="OrangeHRMAddEmployee" finished-at="2022-12-26T21:27:21 IST" duration-ms="54728" status="PASS">
          <reporter-output>
          </reporter-output>
        </test-method> <!-- OrangeHRMAddEmployee -->
        <test-method is-config="true" signature="tearDown()[pri:0, instance:com.OrangeHRM.OrangeHRM_AddEmployee@55b7a4e0]" started-at="2022-12-26T21:27:21 IST" name="tearDown" finished-at="2022-12-26T21:27:21 IST" duration-ms="266" status="PASS">
          <reporter-output>
          </reporter-output>
        </test-method> <!-- tearDown -->
      </class> <!-- com.OrangeHRM.OrangeHRM_AddEmployee -->
    </test> <!-- Default test -->
  </suite> <!-- Default suite -->
</testng-results>
