<?xml version="1.0" encoding="UTF-8"?>
<!-- Generated by org.testng.reporters.JUnitXMLReporter -->
<testsuite ignored="0" hostname="Prasannakumar" failures="2" tests="2" name="LoginTest" time="4.867" errors="0" timestamp="2022-12-21T16:00:03 IST">
  <testcase classname="com.OrangeHRM.OrangeHRM_LoginPageValidation" name="OrangeHRM_LoginPageAndTitleValidation" time="0.077">
    <failure type="java.lang.NoClassDefFoundError" message="org/apache/logging/log4j/LogManager">
      <![CDATA[java.lang.NoClassDefFoundError: org/apache/logging/log4j/LogManager
at org.apache.poi.ooxml.POIXMLDocumentPart.<clinit>(POIXMLDocumentPart.java:56)
at com.OrangeHRM.OrangeHRM_LoginPageValidation.OrangeHRM_LoginPageAndTitleValidation(OrangeHRM_LoginPageValidation.java:24)
at java.base/java.util.ArrayList.forEach(ArrayList.java:1511)
Caused by: java.lang.ClassNotFoundException: org.apache.logging.log4j.LogManager
at java.base/jdk.internal.loader.BuiltinClassLoader.loadClass(BuiltinClassLoader.java:641)
at java.base/jdk.internal.loader.ClassLoaders$AppClassLoader.loadClass(ClassLoaders.java:188)
at java.base/java.lang.ClassLoader.loadClass(ClassLoader.java:521)
... 28 more
... Removed 25 stack frames]]>
    </failure>
  </testcase> <!-- OrangeHRM_LoginPageAndTitleValidation -->
  <testcase classname="com.OrangeHRM.OrangeHRMLogin" name="OrangeHRM_Login" time="0.002">
    <failure type="java.lang.NoClassDefFoundError" message="Could not initialize class org.apache.poi.xssf.usermodel.XSSFWorkbook">
      <![CDATA[java.lang.NoClassDefFoundError: Could not initialize class org.apache.poi.xssf.usermodel.XSSFWorkbook
at com.OrangeHRM.OrangeHRMLogin.OrangeHRM_Login(OrangeHRMLogin.java:24)
at java.base/java.util.ArrayList.forEach(ArrayList.java:1511)
Caused by: java.lang.ExceptionInInitializerError: Exception java.lang.NoClassDefFoundError: org/apache/logging/log4j/LogManager [in thread "main"]
at org.apache.poi.ooxml.POIXMLDocumentPart.<clinit>(POIXMLDocumentPart.java:56)
at com.OrangeHRM.OrangeHRM_LoginPageValidation.OrangeHRM_LoginPageAndTitleValidation(OrangeHRM_LoginPageValidation.java:24)
... 26 more
... Removed 25 stack frames]]>
    </failure>
  </testcase> <!-- OrangeHRM_Login -->
</testsuite> <!-- LoginTest -->
