<?xml version="1.0" encoding="UTF-8"?>
<!-- Generated by org.testng.reporters.JUnitXMLReporter -->
<testsuite ignored="0" hostname="Prasannakumar" failures="1" tests="4" name="HomePage_Add_Employee_Test" time="16.248" errors="0" timestamp="2022-12-25T17:42:16 IST">
  <testcase classname="com.OrangeHRM_ApplicationTestCases_PagesTest.OrangeHRMApplication_HomePage_AddEmployeeTest" name="OrangeHRMApplication_HomePage_AddEmployeePageTest" time="2.578">
    <failure type="java.lang.IllegalArgumentException" message="Must provide a location for a move action.">
      <![CDATA[java.lang.IllegalArgumentException: Must provide a location for a move action.
at org.openqa.selenium.interactions.MoveMouseAction.<init>(MoveMouseAction.java:37)
at org.openqa.selenium.interactions.Actions.moveToElement(Actions.java:386)
at com.OrangeHRMApplicationPages.OrangeHRMApplication_HomePage_AddEmployee.OrangeHRMApplication_HomePage_AddEmployeePage(OrangeHRMApplication_HomePage_AddEmployee.java:47)
at com.OrangeHRM_ApplicationTestCases_PagesTest.OrangeHRMApplication_HomePage_AddEmployeeTest.OrangeHRMApplication_HomePage_AddEmployeePageTest(OrangeHRMApplication_HomePage_AddEmployeeTest.java:16)
at java.base/java.util.ArrayList.forEach(ArrayList.java:1511)
... Removed 25 stack frames]]>
    </failure>
  </testcase> <!-- OrangeHRMApplication_HomePage_AddEmployeePageTest -->
  <testcase classname="com.OrangeHRM_ApplicationTestCases_PagesTest.OrangeHRM_ApplicationLoginPageTest" name="OHRM_LoginPageImageValidationTest" time="0.112"/>
  <testcase classname="com.OrangeHRM_ApplicationTestCases_PagesTest.OrangeHRM_ApplicationLoginPageTest" name="OHRM_LoginPageTextValidationTest" time="0.083"/>
  <testcase classname="com.OrangeHRM_ApplicationTestCases_PagesTest.OrangeHRM_ApplicationLoginPageTest" name="OHRM_LoginPageLogInValidationTest" time="2.748"/>
</testsuite> <!-- HomePage_Add_Employee_Test -->
