<?xml version="1.0" encoding="UTF-8"?>
<!-- Generated by org.testng.reporters.JUnitXMLReporter -->
<testsuite ignored="0" hostname="Prasannakumar" failures="0" tests="7" name="HomePage_Test" time="55.0" errors="0" timestamp="2023-01-03T11:28:57 IST">
  <testcase classname="com.OrangeHRM_ApplicationTestCases_PagesTest.OrangeHRM_ApplicationLoginPageTest" name="OHRM_LoginPageImageValidationTest" time="0.068"/>
  <testcase classname="com.OrangeHRM_ApplicationTestCases_PagesTest.OrangeHRMApplicationHomePageTest" name="OrangeHRM_HomePageImageTest" time="2.87"/>
  <testcase classname="com.OrangeHRM_ApplicationTestCases_PagesTest.OrangeHRM_ApplicationLoginPageTest" name="OHRM_LoginPageTextValidationTest" time="0.095"/>
  <testcase classname="com.OrangeHRM_ApplicationTestCases_PagesTest.OrangeHRMApplicationHomePageTest" name="OrangeHRM_HomePage_AdminTest" time="8.167"/>
  <testcase classname="com.OrangeHRM_ApplicationTestCases_PagesTest.OrangeHRM_ApplicationLoginPageTest" name="OHRM_LoginPageLogInValidationTest" time="2.754"/>
  <testcase classname="com.OrangeHRM_ApplicationTestCases_PagesTest.OrangeHRMApplicationHomePageTest" name="OrrangeHRM_HomePage_PimTest" time="13.086"/>
  <testcase classname="com.OrangeHRM_ApplicationTestCases_PagesTest.OrangeHRMApplicationHomePageTest" name="OrrangeHRM_HomePAge_WelcomeTest" time="7.908"/>
</testsuite> <!-- HomePage_Test -->
