<?xml version="1.0" encoding="UTF-8"?>
<!-- Generated by org.testng.reporters.JUnitXMLReporter -->
<testsuite ignored="0" hostname="Prasannakumar" failures="0" tests="3" name="LoginTest" time="25.463" errors="0" timestamp="2023-01-03T11:28:01 IST">
  <testcase classname="com.OrangeHRM_ApplicationTestCases_PagesTest.OrangeHRM_ApplicationLoginPageTest" name="OHRM_LoginPageImageValidationTest" time="0.229"/>
  <testcase classname="com.OrangeHRM_ApplicationTestCases_PagesTest.OrangeHRM_ApplicationLoginPageTest" name="OHRM_LoginPageTextValidationTest" time="0.084"/>
  <testcase classname="com.OrangeHRM_ApplicationTestCases_PagesTest.OrangeHRM_ApplicationLoginPageTest" name="OHRM_LoginPageLogInValidationTest" time="7.564"/>
</testsuite> <!-- LoginTest -->
