<?xml version="1.0" encoding="UTF-8"?>
<testng-results ignored="0" total="2" passed="2" failed="0" skipped="0">
  <reporter-output>
  </reporter-output>
  <suite started-at="2022-12-09T12:21:58 IST" name="Default suite" finished-at="2022-12-09T12:21:58 IST" duration-ms="128">
    <groups>
    </groups>
    <test started-at="2022-12-09T12:21:58 IST" name="Default test" finished-at="2022-12-09T12:21:58 IST" duration-ms="128">
      <class name="com.TestNG.Annotations2">
        <test-method is-config="true" signature="ApplicationLaunch()[pri:0, instance:com.TestNG.Annotations2@3cc2931c]" started-at="2022-12-09T12:21:58 IST" name="ApplicationLaunch" finished-at="2022-12-09T12:21:58 IST" duration-ms="14" status="PASS">
          <reporter-output>
          </reporter-output>
        </test-method> <!-- ApplicationLaunch -->
        <test-method signature="inbox()[pri:1, instance:com.TestNG.Annotations2@3cc2931c]" started-at="2022-12-09T12:21:58 IST" name="inbox" finished-at="2022-12-09T12:21:58 IST" duration-ms="16" status="PASS">
          <reporter-output>
          </reporter-output>
        </test-method> <!-- inbox -->
        <test-method is-config="true" signature="closeApplication()[pri:0, instance:com.TestNG.Annotations2@3cc2931c]" started-at="2022-12-09T12:21:58 IST" name="closeApplication" finished-at="2022-12-09T12:21:58 IST" duration-ms="1" status="PASS">
          <reporter-output>
          </reporter-output>
        </test-method> <!-- closeApplication -->
        <test-method is-config="true" signature="ApplicationLaunch()[pri:0, instance:com.TestNG.Annotations2@3cc2931c]" started-at="2022-12-09T12:21:58 IST" name="ApplicationLaunch" finished-at="2022-12-09T12:21:58 IST" duration-ms="0" status="PASS">
          <reporter-output>
          </reporter-output>
        </test-method> <!-- ApplicationLaunch -->
        <test-method signature="compose()[pri:2, instance:com.TestNG.Annotations2@3cc2931c]" started-at="2022-12-09T12:21:58 IST" name="compose" finished-at="2022-12-09T12:21:58 IST" duration-ms="3" status="PASS">
          <reporter-output>
          </reporter-output>
        </test-method> <!-- compose -->
        <test-method is-config="true" signature="closeApplication()[pri:0, instance:com.TestNG.Annotations2@3cc2931c]" started-at="2022-12-09T12:21:58 IST" name="closeApplication" finished-at="2022-12-09T12:21:58 IST" duration-ms="0" status="PASS">
          <reporter-output>
          </reporter-output>
        </test-method> <!-- closeApplication -->
      </class> <!-- com.TestNG.Annotations2 -->
    </test> <!-- Default test -->
  </suite> <!-- Default suite -->
</testng-results>
